<?xml version="1.0" encoding="UTF-8"?>
<!-- Generated by org.testng.reporters.JUnitXMLReporter -->
<testsuite ignored="0" hostname="DESKTOP-ALRR2OT" failures="1" tests="13" name="TutorialsNinja Tests" time="169.148" errors="0" timestamp="2024-03-17T15:02:35 IST">
  <testcase classname="com.tutorialsninja.testcases.Login" name="verifyLoginWithvalidCred" time="1.514"/>
  <testcase classname="com.tutorialsninja.testcases.Login" name="verifyLoginWithvalidCred" time="1.488"/>
  <testcase classname="com.tutorialsninja.testcases.Login" name="verifyLoginWithvalidCred" time="1.406"/>
  <testcase classname="com.tutorialsninja.testcases.Login" name="verifyLoginWithInvalidCred" time="1.921"/>
  <testcase classname="com.tutorialsninja.testcases.Login" name="verifyLoginWithValidEmailAndInvalidPass" time="2.866"/>
  <testcase classname="com.tutorialsninja.testcases.Login" name="verifyLoginWithValidpassAndInvalidEmail" time="1.291"/>
  <testcase classname="com.tutorialsninja.testcases.Login" name="verifyLoginWithNoCred" time="0.679">
    <failure type="java.lang.AssertionError" message="error expected message is not displayed expected [true] but found [false]">
      <![CDATA[java.lang.AssertionError: error expected message is not displayed expected [true] but found [false]
at com.tutorialsninja.testcases.Login.verifyLoginWithNoCred(Login.java:113)
at java.base/java.util.ArrayList.forEach(ArrayList.java:1511)
... Removed 30 stack frames]]>
    </failure>
  </testcase> <!-- verifyLoginWithNoCred -->
  <testcase classname="com.tutorialsninja.testcases.Register" name="verifyRegisterWithMandatFields" time="3.424"/>
  <testcase classname="com.tutorialsninja.testcases.Register" name="verifyRegisterprovidingAllFields" time="3.186"/>
  <testcase classname="com.tutorialsninja.testcases.Register" name="verifyRegisterProvidingExistingEmailId" time="6.019"/>
  <testcase classname="com.tutorialsninja.testcases.Search" name="verifySearchWithInvalid" time="1.084"/>
  <testcase classname="com.tutorialsninja.testcases.Search" name="verifySearchWithValid" time="1.023"/>
  <testcase classname="com.tutorialsninja.testcases.Search" name="verifySearchWithNoInput" time="0.828"/>
</testsuite> <!-- TutorialsNinja Tests -->
